<?xml version="1.0" encoding="UTF-8"?>
<!-- Generated by org.testng.reporters.JUnitReportReporter -->
<testsuite hostname="DESKTOP-304BMDP" failures="0" tests="1" name="sourav_final.Automated" time="6.313" errors="0" timestamp="2021-06-25T21:43:37 GMT-04:00" skipped="0">
  <testcase classname="sourav_final.Automated" name="test_logo_sourav" time="6.313"/>
  <system-out/>
</testsuite> <!-- sourav_final.Automated -->
