<?xml version="1.0" encoding="UTF-8"?>
<!-- Generated by org.testng.reporters.JUnitReportReporter -->
<testsuite hostname="DESKTOP-304BMDP" failures="0" tests="1" name="sourav_final.class2" time="2.186" errors="0" timestamp="2021-06-25T21:52:16 GMT-04:00" skipped="0">
  <testcase classname="sourav_final.class2" name="imagess" time="2.186"/>
  <system-out/>
</testsuite> <!-- sourav_final.class2 -->
